  Skeleton.cpp
D:\cuclik\_suli\bme4\grafika\GrafikaHaziCsomag\GrafikaHaziCsomag\Programs\Skeleton\Skeleton\framework.h(167,1): warning C4996: 'fopen': This function or variable may be unsafe. Consider using fopen_s instead. To disable deprecation, use _CRT_SECURE_NO_WARNINGS. See online help for details.
C:\Program Files (x86)\Windows Kits\10\Include\10.0.18362.0\ucrt\stdio.h(208): message : see declaration of 'fopen'
D:\cuclik\_suli\bme4\grafika\GrafikaHaziCsomag\GrafikaHaziCsomag\Programs\Skeleton\Skeleton\Skeleton.cpp(80,13): warning C4244: 'initializing': conversion from 'double' to 'float', possible loss of data
D:\cuclik\_suli\bme4\grafika\GrafikaHaziCsomag\GrafikaHaziCsomag\Programs\Skeleton\Skeleton\Skeleton.cpp(170,14): warning C4244: 'return': conversion from 'double' to 'float', possible loss of data
D:\cuclik\_suli\bme4\grafika\GrafikaHaziCsomag\GrafikaHaziCsomag\Programs\Skeleton\Skeleton\Skeleton.cpp(174,14): warning C4244: 'return': conversion from 'double' to 'float', possible loss of data
D:\cuclik\_suli\bme4\grafika\GrafikaHaziCsomag\GrafikaHaziCsomag\Programs\Skeleton\Skeleton\Skeleton.cpp(180,21): warning C4244: 'initializing': conversion from 'double' to 'float', possible loss of data
D:\cuclik\_suli\bme4\grafika\GrafikaHaziCsomag\GrafikaHaziCsomag\Programs\Skeleton\Skeleton\Skeleton.cpp(187,29): warning C4244: 'argument': conversion from 'double' to 'float', possible loss of data
D:\cuclik\_suli\bme4\grafika\GrafikaHaziCsomag\GrafikaHaziCsomag\Programs\Skeleton\Skeleton\Skeleton.cpp(191,29): warning C4244: 'argument': conversion from 'double' to 'float', possible loss of data
D:\cuclik\_suli\bme4\grafika\GrafikaHaziCsomag\GrafikaHaziCsomag\Programs\Skeleton\Skeleton\Skeleton.cpp(198,60): warning C4244: '=': conversion from 'double' to 'float', possible loss of data
D:\cuclik\_suli\bme4\grafika\GrafikaHaziCsomag\GrafikaHaziCsomag\Programs\Skeleton\Skeleton\Skeleton.cpp(199,30): warning C4244: '=': conversion from 'double' to 'float', possible loss of data
D:\cuclik\_suli\bme4\grafika\GrafikaHaziCsomag\GrafikaHaziCsomag\Programs\Skeleton\Skeleton\Skeleton.cpp(201,54): warning C4244: '=': conversion from 'double' to 'float', possible loss of data
D:\cuclik\_suli\bme4\grafika\GrafikaHaziCsomag\GrafikaHaziCsomag\Programs\Skeleton\Skeleton\Skeleton.cpp(202,29): warning C4244: '=': conversion from 'double' to 'float', possible loss of data
D:\cuclik\_suli\bme4\grafika\GrafikaHaziCsomag\GrafikaHaziCsomag\Programs\Skeleton\Skeleton\Skeleton.cpp(210,14): warning C4244: 'initializing': conversion from 'double' to 'float', possible loss of data
D:\cuclik\_suli\bme4\grafika\GrafikaHaziCsomag\GrafikaHaziCsomag\Programs\Skeleton\Skeleton\Skeleton.cpp(211,28): warning C4244: 'return': conversion from 'double' to 'float', possible loss of data
D:\cuclik\_suli\bme4\grafika\GrafikaHaziCsomag\GrafikaHaziCsomag\Programs\Skeleton\Skeleton\Skeleton.cpp(219,15): warning C4244: 'initializing': conversion from 'double' to 'float', possible loss of data
D:\cuclik\_suli\bme4\grafika\GrafikaHaziCsomag\GrafikaHaziCsomag\Programs\Skeleton\Skeleton\Skeleton.cpp(221,14): warning C4244: 'return': conversion from 'double' to 'float', possible loss of data
  Generating code
  1 of 167 functions ( 0.6%) were compiled, the rest were copied from previous compilation.
    0 functions were new in current compilation
    1 functions had inline decision re-evaluated but remain unchanged
  Finished generating code
Skeleton.obj : warning LNK4020: a type record in 'd:\cuclik\_suli\bme4\grafika\grafikahazicsomag\grafikahazicsomag\programs\skeleton\skeleton\release\vc142.pdb' is corrupted; some symbols and types may not be accessible from the debugger
  Skeleton.vcxproj -> D:\cuclik\_suli\bme4\grafika\GrafikaHaziCsomag\GrafikaHaziCsomag\Programs\Skeleton\bin\Skeleton.exe
